Commit at 2025-04-21 10:31:00
Commit at 2025-04-21 15:41:00
Commit at 2025-04-21 15:34:00
Commit at 2025-04-21 11:33:00
Refactor log structure – 2025-04-22 15:19:00
Refactor log structure – 2025-04-22 13:02:00
Refactor log structure – 2025-04-22 13:29:00
Refactor log structure – 2025-04-22 12:58:00
12:03:05 - Daily maintenance log – 2025-04-22 10:45:00
12:04:03 - Sync changes – 2025-04-22 17:20:00
12:05:05 - Sync changes – 2025-04-22 17:06:00
12:06:05 - Improve tracking system – 2025-04-22 10:10:00
12:07:04 - Daily maintenance log – 2025-04-22 12:20:00
12:08:04 - Apply latest adjustments – 2025-04-22 14:23:00
12:09:05 - Daily maintenance log – 2025-04-22 12:26:00
12:10:04 - Improve tracking system – 2025-04-22 17:15:00
12:11:04 - Apply latest adjustments – 2025-04-22 09:09:00
12:12:04 - Refactor log structure – 2025-04-22 16:36:00
12:13:04 - Small tweaks for stability – 2025-04-22 15:25:00
12:14:04 - Refactor log structure – 2025-04-22 17:17:00
12:15:04 - Small tweaks for stability – 2025-04-22 12:32:00
12:16:04 - Refactor log structure – 2025-04-22 10:44:00
