From github.com:miftahganzz/dummy
 * branch            main       -> FETCH_HEAD
Already up to date.
[main ae737ce] Daily maintenance log
 1 file changed, 1 insertion(+)
To github.com:miftahganzz/dummy.git
   194bbf6..ae737ce  main -> main
[OK] Push success at Tue Apr 22 12:03:09 WIB 2025
From github.com:miftahganzz/dummy
 * branch            main       -> FETCH_HEAD
Already up to date.
[main 7f55052] Sync changes
 1 file changed, 1 insertion(+)
To github.com:miftahganzz/dummy.git
   ae737ce..7f55052  main -> main
[OK] Push success at Tue Apr 22 12:04:07 WIB 2025
From github.com:miftahganzz/dummy
 * branch            main       -> FETCH_HEAD
Already up to date.
[main edf6c30] Sync changes
 1 file changed, 1 insertion(+)
To github.com:miftahganzz/dummy.git
   7f55052..edf6c30  main -> main
[OK] Push success at Tue Apr 22 12:05:09 WIB 2025
From github.com:miftahganzz/dummy
 * branch            main       -> FETCH_HEAD
Already up to date.
[main 139ef42] Improve tracking system
 1 file changed, 1 insertion(+)
To github.com:miftahganzz/dummy.git
   edf6c30..139ef42  main -> main
[OK] Push success at Tue Apr 22 12:06:09 WIB 2025
From github.com:miftahganzz/dummy
 * branch            main       -> FETCH_HEAD
Already up to date.
[main 035726c] Daily maintenance log
 1 file changed, 1 insertion(+)
To github.com:miftahganzz/dummy.git
   139ef42..035726c  main -> main
[OK] Push success at Tue Apr 22 12:07:08 WIB 2025
From github.com:miftahganzz/dummy
 * branch            main       -> FETCH_HEAD
Already up to date.
[main 5bfdb20] Apply latest adjustments
 1 file changed, 1 insertion(+)
To github.com:miftahganzz/dummy.git
   035726c..5bfdb20  main -> main
[OK] Push success at Tue Apr 22 12:08:08 WIB 2025
From github.com:miftahganzz/dummy
 * branch            main       -> FETCH_HEAD
Already up to date.
[main c3208e3] Daily maintenance log
 1 file changed, 1 insertion(+)
To github.com:miftahganzz/dummy.git
   5bfdb20..c3208e3  main -> main
[OK] Push success at Tue Apr 22 12:09:10 WIB 2025
From github.com:miftahganzz/dummy
 * branch            main       -> FETCH_HEAD
Already up to date.
[main 7ae8ec2] Improve tracking system
 1 file changed, 1 insertion(+)
To github.com:miftahganzz/dummy.git
   c3208e3..7ae8ec2  main -> main
[OK] Push success at Tue Apr 22 12:10:08 WIB 2025
From github.com:miftahganzz/dummy
 * branch            main       -> FETCH_HEAD
Already up to date.
[main 7ddb071] Apply latest adjustments
 1 file changed, 1 insertion(+)
To github.com:miftahganzz/dummy.git
   7ae8ec2..7ddb071  main -> main
[OK] Push success at Tue Apr 22 12:11:08 WIB 2025
From github.com:miftahganzz/dummy
 * branch            main       -> FETCH_HEAD
Already up to date.
[main d8a1b4a] Refactor log structure
 1 file changed, 1 insertion(+)
To github.com:miftahganzz/dummy.git
   7ddb071..d8a1b4a  main -> main
[OK] Push success at Tue Apr 22 12:12:09 WIB 2025
From github.com:miftahganzz/dummy
 * branch            main       -> FETCH_HEAD
Already up to date.
[main e2106cd] Small tweaks for stability
 1 file changed, 1 insertion(+)
To github.com:miftahganzz/dummy.git
   d8a1b4a..e2106cd  main -> main
[OK] Push success at Tue Apr 22 12:13:09 WIB 2025
From github.com:miftahganzz/dummy
 * branch            main       -> FETCH_HEAD
Already up to date.
[main 6df205b] Refactor log structure
 1 file changed, 1 insertion(+)
To github.com:miftahganzz/dummy.git
   e2106cd..6df205b  main -> main
[OK] Push success at Tue Apr 22 12:14:08 WIB 2025
From github.com:miftahganzz/dummy
 * branch            main       -> FETCH_HEAD
Already up to date.
[main d04764d] Small tweaks for stability
 1 file changed, 1 insertion(+)
To github.com:miftahganzz/dummy.git
   6df205b..d04764d  main -> main
[OK] Push success at Tue Apr 22 12:15:08 WIB 2025
From github.com:miftahganzz/dummy
 * branch            main       -> FETCH_HEAD
Already up to date.
[main 33d582d] Refactor log structure
 1 file changed, 1 insertion(+)
To github.com:miftahganzz/dummy.git
   d04764d..33d582d  main -> main
[OK] Push success at Tue Apr 22 12:16:08 WIB 2025
From github.com:miftahganzz/dummy
 * branch            main       -> FETCH_HEAD
Already up to date.
[main 849b118] Apply latest adjustments
 1 file changed, 1 insertion(+)
To github.com:miftahganzz/dummy.git
   33d582d..849b118  main -> main
[OK] Push success at Tue Apr 22 12:17:08 WIB 2025
From github.com:miftahganzz/dummy
 * branch            main       -> FETCH_HEAD
Already up to date.
[main d303511] Daily maintenance log
 1 file changed, 1 insertion(+)
To github.com:miftahganzz/dummy.git
   849b118..d303511  main -> main
[OK] Push success at Tue Apr 22 12:18:08 WIB 2025
From github.com:miftahganzz/dummy
 * branch            main       -> FETCH_HEAD
Already up to date.
[main 1a3a0db] Sync changes
 1 file changed, 1 insertion(+)
To github.com:miftahganzz/dummy.git
   d303511..1a3a0db  main -> main
[OK] Push success at Tue Apr 22 12:19:08 WIB 2025
From github.com:miftahganzz/dummy
 * branch            main       -> FETCH_HEAD
Already up to date.
[main 2e4b52b] Update usage metrics
 1 file changed, 1 insertion(+)
To github.com:miftahganzz/dummy.git
   1a3a0db..2e4b52b  main -> main
[OK] Push success at Tue Apr 22 12:20:08 WIB 2025
From github.com:miftahganzz/dummy
 * branch            main       -> FETCH_HEAD
Already up to date.
[main 9de5b58] Improve tracking system
 1 file changed, 1 insertion(+)
To github.com:miftahganzz/dummy.git
   2e4b52b..9de5b58  main -> main
[OK] Push success at Tue Apr 22 12:21:09 WIB 2025
From github.com:miftahganzz/dummy
 * branch            main       -> FETCH_HEAD
Already up to date.
[main 370bd6e] Sync changes
 1 file changed, 1 insertion(+)
To github.com:miftahganzz/dummy.git
   9de5b58..370bd6e  main -> main
[OK] Push success at Tue Apr 22 12:22:11 WIB 2025
